make --dry-run --always-make --keep-going --print-directory
make: Entering directory '/home/nicolas/Documents/github/42_projects/libft'
gcc -Wall -Wextra -Werror   -c -o ft_atoi.o ft_atoi.c
gcc -Wall -Wextra -Werror   -c -o ft_bzero.o ft_bzero.c
gcc -Wall -Wextra -Werror   -c -o ft_calloc.o ft_calloc.c
gcc -Wall -Wextra -Werror   -c -o ft_isalnum.o ft_isalnum.c
gcc -Wall -Wextra -Werror   -c -o ft_isalpha.o ft_isalpha.c
gcc -Wall -Wextra -Werror   -c -o ft_isascii.o ft_isascii.c
gcc -Wall -Wextra -Werror   -c -o ft_isdigit.o ft_isdigit.c
gcc -Wall -Wextra -Werror   -c -o ft_isprint.o ft_isprint.c
gcc -Wall -Wextra -Werror   -c -o ft_memchr.o ft_memchr.c
gcc -Wall -Wextra -Werror   -c -o ft_memcmp.o ft_memcmp.c
gcc -Wall -Wextra -Werror   -c -o ft_memcpy.o ft_memcpy.c
gcc -Wall -Wextra -Werror   -c -o ft_memset.o ft_memset.c
gcc -Wall -Wextra -Werror   -c -o ft_strchr.o ft_strchr.c
gcc -Wall -Wextra -Werror   -c -o ft_strdup.o ft_strdup.c
gcc -Wall -Wextra -Werror   -c -o ft_strlcat.o ft_strlcat.c
 
gcc -Wall -Wextra -Werror   -c -o ft_strlcpy.o ft_strlcpy.c
gcc -Wall -Wextra -Werror   -c -o ft_strlen.o ft_strlen.c
gcc -Wall -Wextra -Werror   -c -o ft_strncmp.o ft_strncmp.c
gcc -Wall -Wextra -Werror   -c -o ft_strnstr.o ft_strnstr.c
gcc -Wall -Wextra -Werror   -c -o ft_strrchr.o ft_strrchr.c
gcc -Wall -Wextra -Werror   -c -o ft_tolower.o ft_tolower.c
gcc -Wall -Wextra -Werror   -c -o ft_toupper.o ft_toupper.c
gcc -Wall -Wextra -Werror   -c -o ft_substr.o ft_substr.c
gcc -Wall -Wextra -Werror   -c -o ft_strjoin.o ft_strjoin.c
ar rcs libft.a ./ft_atoi.o ./ft_bzero.o ./ft_calloc.o ./ft_isalnum.o ./ft_isalpha.o ./ft_isascii.o ./ft_isdigit.o ./ft_isprint.o ./ft_memchr.o ./ft_memcmp.o ./ft_memcpy.o ./ft_memset.o ./ft_strchr.o ./ft_strdup.o ./ft_strlcat.o ./ft_strlcpy.o ./ft_strlen.o ./ft_strncmp.o ./ft_strnstr.o ./ft_strrchr.o ./ft_tolower.o ./ft_toupper.o ./ft_substr.o ./ft_strjoin.o
make: Leaving directory '/home/nicolas/Documents/github/42_projects/libft'
 
